[    0.000000] Initializing cgroup subsys cpuset
[    0.000000] Initializing cgroup subsys cpu
[    0.000000] Initializing cgroup subsys cpuacct
[    0.000000] Linux version 4.4.0-170-generic (buildd@lcy01-amd64-019) (gcc version 5.4.0 20160609 (Ubuntu 5.4.0-6ubuntu1~16.04.12) ) #199-Ubuntu SMP Thu Nov 14 01:45:04 UTC 2019 (Ubuntu 4.4.0-170.199-generic 4.4.200)
[    0.000000] Command line: BOOT_IMAGE=/boot/vmlinuz-4.4.0-170-generic root=LABEL=cloudimg-rootfs ro console=tty1 console=ttyS0
[    0.000000] KERNEL supported cpus:
[    0.000000]   Intel GenuineIntel
[    0.000000]   AMD AuthenticAMD
[    0.000000]   Centaur CentaurHauls
[    0.000000] x86/fpu: Legacy x87 FPU detected.
[    0.000000] e820: BIOS-provided physical RAM map:
[    0.000000] BIOS-e820: [mem 0x0000000000000000-0x000000000009fbff] usable
[    0.000000] BIOS-e820: [mem 0x000000000009fc00-0x000000000009ffff] reserved
[    0.000000] BIOS-e820: [mem 0x00000000000f0000-0x00000000000fffff] reserved
[    0.000000] BIOS-e820: [mem 0x0000000000100000-0x000000003ffeffff] usable
[    0.000000] BIOS-e820: [mem 0x000000003fff0000-0x000000003fffffff] ACPI data
[    0.000000] BIOS-e820: [mem 0x00000000fec00000-0x00000000fec00fff] reserved
[    0.000000] BIOS-e820: [mem 0x00000000fee00000-0x00000000fee00fff] reserved
[    0.000000] BIOS-e820: [mem 0x00000000fffc0000-0x00000000ffffffff] reserved
[    0.000000] NX (Execute Disable) protection: active
[    0.000000] SMBIOS 2.5 present.
[    0.000000] Hypervisor detected: KVM
[    0.000000] e820: last_pfn = 0x3fff0 max_arch_pfn = 0x400000000
[    0.000000] MTRR: Disabled
[    0.000000] x86/PAT: MTRRs disabled, skipping PAT initialization too.
[    0.000000] CPU MTRRs all blank - virtualized system.
[    0.000000] x86/PAT: Configuration [0-7]: WB  WT  UC- UC  WB  WT  UC- UC  
[    0.000000] found SMP MP-table at [mem 0x0009fff0-0x0009ffff] mapped at [ffff88000009fff0]
[    0.000000] Scanning 1 areas for low memory corruption
[    0.000000] RAMDISK: [mem 0x362f4000-0x37171fff]
[    0.000000] ACPI: Early table checksum verification disabled
[    0.000000] ACPI: RSDP 0x00000000000E0000 000024 (v02 VBOX  )
[    0.000000] ACPI: XSDT 0x000000003FFF0030 00003C (v01 VBOX   VBOXXSDT 00000001 ASL  00000061)
[    0.000000] ACPI: FACP 0x000000003FFF00F0 0000F4 (v04 VBOX   VBOXFACP 00000001 ASL  00000061)
[    0.000000] ACPI: DSDT 0x000000003FFF0470 0022EA (v02 VBOX   VBOXBIOS 00000002 INTL 20100528)
[    0.000000] ACPI: FACS 0x000000003FFF0200 000040
[    0.000000] ACPI: FACS 0x000000003FFF0200 000040
[    0.000000] ACPI: APIC 0x000000003FFF0240 00005C (v02 VBOX   VBOXAPIC 00000001 ASL  00000061)
[    0.000000] ACPI: SSDT 0x000000003FFF02A0 0001CC (v01 VBOX   VBOXCPUT 00000002 INTL 20100528)
[    0.000000] No NUMA configuration found
[    0.000000] Faking a node at [mem 0x0000000000000000-0x000000003ffeffff]
[    0.000000] NODE_DATA(0) allocated [mem 0x3ffeb000-0x3ffeffff]
[    0.000000] kvm-clock: Using msrs 4b564d01 and 4b564d00
[    0.000000] kvm-clock: cpu 0, msr 0:3ffe3001, primary cpu clock
[    0.000000] kvm-clock: using sched offset of 10385405733 cycles
[    0.000000] clocksource: kvm-clock: mask: 0xffffffffffffffff max_cycles: 0x1cd42e4dffb, max_idle_ns: 881590591483 ns
[    0.000000] Zone ranges:
[    0.000000]   DMA      [mem 0x0000000000001000-0x0000000000ffffff]
[    0.000000]   DMA32    [mem 0x0000000001000000-0x000000003ffeffff]
[    0.000000]   Normal   empty
[    0.000000]   Device   empty
[    0.000000] Movable zone start for each node
[    0.000000] Early memory node ranges
[    0.000000]   node   0: [mem 0x0000000000001000-0x000000000009efff]
[    0.000000]   node   0: [mem 0x0000000000100000-0x000000003ffeffff]
[    0.000000] Initmem setup node 0 [mem 0x0000000000001000-0x000000003ffeffff]
[    0.000000] ACPI: PM-Timer IO Port: 0x4008
[    0.000000] IOAPIC[0]: apic_id 2, version 32, address 0xfec00000, GSI 0-23
[    0.000000] ACPI: INT_SRC_OVR (bus 0 bus_irq 0 global_irq 2 dfl dfl)
[    0.000000] ACPI: INT_SRC_OVR (bus 0 bus_irq 9 global_irq 9 low level)
[    0.000000] Using ACPI (MADT) for SMP configuration information
[    0.000000] smpboot: Allowing 2 CPUs, 0 hotplug CPUs
[    0.000000] PM: Registered nosave memory: [mem 0x00000000-0x00000fff]
[    0.000000] PM: Registered nosave memory: [mem 0x0009f000-0x0009ffff]
[    0.000000] PM: Registered nosave memory: [mem 0x000a0000-0x000effff]
[    0.000000] PM: Registered nosave memory: [mem 0x000f0000-0x000fffff]
[    0.000000] e820: [mem 0x40000000-0xfebfffff] available for PCI devices
[    0.000000] Booting paravirtualized kernel on KVM
[    0.000000] clocksource: refined-jiffies: mask: 0xffffffff max_cycles: 0xffffffff, max_idle_ns: 7645519600211568 ns
[    0.000000] setup_percpu: NR_CPUS:512 nr_cpumask_bits:512 nr_cpu_ids:2 nr_node_ids:1
[    0.000000] PERCPU: Embedded 33 pages/cpu @ffff88003fc00000 s95448 r8192 d31528 u1048576
[    0.000000] Built 1 zonelists in Node order, mobility grouping on.  Total pages: 257912
[    0.000000] Policy zone: DMA32
[    0.000000] Kernel command line: BOOT_IMAGE=/boot/vmlinuz-4.4.0-170-generic root=LABEL=cloudimg-rootfs ro console=tty1 console=ttyS0
[    0.000000] PID hash table entries: 4096 (order: 3, 32768 bytes)
[    0.000000] Memory: 997716K/1048120K available (8626K kernel code, 1336K rwdata, 4036K rodata, 1488K init, 1288K bss, 50404K reserved, 0K cma-reserved)
[    0.000000] SLUB: HWalign=64, Order=0-3, MinObjects=0, CPUs=2, Nodes=1
[    0.000000] Kernel/User page tables isolation: enabled
[    0.000000] Hierarchical RCU implementation.
[    0.000000] 	Build-time adjustment of leaf fanout to 64.
[    0.000000] 	RCU restricting CPUs from NR_CPUS=512 to nr_cpu_ids=2.
[    0.000000] RCU: Adjusting geometry for rcu_fanout_leaf=64, nr_cpu_ids=2
[    0.000000] NR_IRQS:33024 nr_irqs:440 16
[    0.000000] Console: colour VGA+ 80x25
[    0.000000] console [tty1] enabled
[    0.000000] console [ttyS0] enabled
[    0.000000] tsc: Detected 2660.458 MHz processor
[    0.253758] Calibrating delay loop (skipped) preset value.. 5320.91 BogoMIPS (lpj=10641832)
[    0.258874] pid_max: default: 32768 minimum: 301
[    0.261158] ACPI: Core revision 20150930
[    0.264160] ACPI: 2 ACPI AML tables successfully acquired and loaded
[    0.266908] Security Framework initialized
[    0.268599] Yama: becoming mindful.
[    0.270213] AppArmor: AppArmor initialized
[    0.272059] Dentry cache hash table entries: 131072 (order: 8, 1048576 bytes)
[    0.276685] Inode-cache hash table entries: 65536 (order: 7, 524288 bytes)
[    0.279874] Mount-cache hash table entries: 2048 (order: 2, 16384 bytes)
[    0.282740] Mountpoint-cache hash table entries: 2048 (order: 2, 16384 bytes)
[    0.291032] Initializing cgroup subsys io
[    0.292352] Initializing cgroup subsys memory
[    0.293740] Initializing cgroup subsys devices
[    0.295189] Initializing cgroup subsys freezer
[    0.296778] Initializing cgroup subsys net_cls
[    0.298603] Initializing cgroup subsys perf_event
[    0.300494] Initializing cgroup subsys net_prio
[    0.301912] Initializing cgroup subsys hugetlb
[    0.303292] Initializing cgroup subsys pids
[    0.304740] mce: CPU supports 0 MCE banks
[    0.306027] Last level iTLB entries: 4KB 512, 2MB 7, 4MB 7
[    0.307659] Last level dTLB entries: 4KB 512, 2MB 32, 4MB 32, 1GB 0
[    0.309610] Spectre V1 : Mitigation: usercopy/swapgs barriers and __user pointer sanitization
[    0.312234] Spectre V2 : Mitigation: Full generic retpoline
[    0.313866] Spectre V2 : Spectre v2 / SpectreRSB mitigation: Filling RSB on context switch
[    0.316367] Speculative Store Bypass: Vulnerable
[    0.317949] MDS: Vulnerable: Clear CPU buffers attempted, no microcode
[    0.324107] Freeing SMP alternatives memory: 36K
[    0.333435] ftrace: allocating 32302 entries in 127 pages
[    0.403119] smpboot: APIC(0) Converting physical 0 to logical package 0
[    0.405199] smpboot: Max logical packages: 1
[    0.406980] x2apic enabled
[    0.408163] Switched APIC routing to physical x2apic.
[    0.411486] ..TIMER: vector=0x30 apic1=0 pin1=2 apic2=-1 pin2=-1
[    0.521847] smpboot: CPU0: Intel(R) Core(TM) i5 CPU       M 560  @ 2.67GHz (family: 0x6, model: 0x25, stepping: 0x5)
[    0.527154] Performance Events: unsupported p6 CPU model 37 no PMU driver, software events only.
[    0.555612] KVM setup paravirtual spinlock
[    0.558412] x86: Booting SMP configuration:
[    0.560240] .... node  #0, CPUs:      #1
[    0.562606] kvm-clock: cpu 1, msr 0:3ffe3041, secondary cpu clock
[    0.565079] mce: CPU supports 0 MCE banks
[    0.568806] x86: Booted up 1 node, 2 CPUs
[    0.570847] smpboot: Total of 2 processors activated (10641.83 BogoMIPS)
[    0.574168] devtmpfs: initialized
[    0.578108] evm: security.selinux
[    0.579638] evm: security.SMACK64
[    0.581178] evm: security.SMACK64EXEC
[    0.582826] evm: security.SMACK64TRANSMUTE
[    0.584588] evm: security.SMACK64MMAP
[    0.586934] evm: security.ima
[    0.588862] evm: security.capability
[    0.591639] clocksource: jiffies: mask: 0xffffffff max_cycles: 0xffffffff, max_idle_ns: 7645041785100000 ns
[    0.597079] futex hash table entries: 512 (order: 3, 32768 bytes)
[    0.599832] pinctrl core: initialized pinctrl subsystem
[    0.602300] RTC time:  7:34:55, date: 01/24/20
[    0.605157] NET: Registered protocol family 16
[    0.618524] cpuidle: using governor ladder
[    0.630185] cpuidle: using governor menu
[    0.631908] PCCT header not found.
[    0.633638] ACPI: bus type PCI registered
[    0.635345] acpiphp: ACPI Hot Plug PCI Controller Driver version: 0.5
[    0.640123] PCI: Using configuration type 1 for base access
[    0.655406] ACPI: Added _OSI(Module Device)
[    0.657236] ACPI: Added _OSI(Processor Device)
[    0.659063] ACPI: Added _OSI(3.0 _SCP Extensions)
[    0.661015] ACPI: Added _OSI(Processor Aggregator Device)
[    0.664889] ACPI: Executed 1 blocks of module-level executable AML code
[    0.671727] ACPI: Interpreter enabled
[    0.673379] ACPI: (supports S0 S5)
[    0.674802] ACPI: Using IOAPIC for interrupt routing
[    0.676546] PCI: Using host bridge windows from ACPI; if necessary, use "pci=nocrs" and report a bug
[    0.684481] ACPI: PCI Root Bridge [PCI0] (domain 0000 [bus 00-ff])
[    0.686365] acpi PNP0A03:00: _OSC: OS supports [ASPM ClockPM Segments MSI]
[    0.689950] acpi PNP0A03:00: _OSC: not requesting OS control; OS requires [ExtendedConfig ASPM ClockPM MSI]
[    0.694425] acpi PNP0A03:00: fail to add MMCONFIG information, can't access extended PCI configuration space under this bridge.
[    0.699645] PCI host bridge to bus 0000:00
[    0.701486] pci_bus 0000:00: root bus resource [io  0x0000-0x0cf7 window]
[    0.704290] pci_bus 0000:00: root bus resource [io  0x0d00-0xffff window]
[    0.707463] pci_bus 0000:00: root bus resource [mem 0x000a0000-0x000bffff window]
[    0.711294] pci_bus 0000:00: root bus resource [mem 0x40000000-0xfdffffff window]
[    0.715219] pci_bus 0000:00: root bus resource [bus 00-ff]
[    0.722371] pci 0000:00:01.1: legacy IDE quirk: reg 0x10: [io  0x01f0-0x01f7]
[    0.724793] pci 0000:00:01.1: legacy IDE quirk: reg 0x14: [io  0x03f6]
[    0.727488] pci 0000:00:01.1: legacy IDE quirk: reg 0x18: [io  0x0170-0x0177]
[    0.730730] pci 0000:00:01.1: legacy IDE quirk: reg 0x1c: [io  0x0376]
[    0.777283] pci 0000:00:07.0: quirk: [io  0x4000-0x403f] claimed by PIIX4 ACPI
[    0.780480] pci 0000:00:07.0: quirk: [io  0x4100-0x410f] claimed by PIIX4 SMB
[    0.797735] ACPI: PCI Interrupt Link [LNKA] (IRQs 5 9 10 *11)
[    0.801647] ACPI: PCI Interrupt Link [LNKB] (IRQs 5 9 *10 11)
[    0.804459] ACPI: PCI Interrupt Link [LNKC] (IRQs 5 *9 10 11)
[    0.825503] ACPI: PCI Interrupt Link [LNKD] (IRQs 5 9 10 *11)
[    0.828112] ACPI: Enabled 2 GPEs in block 00 to 07
[    0.830221] vgaarb: setting as boot device: PCI:0000:00:02.0
[    0.832019] vgaarb: device added: PCI:0000:00:02.0,decodes=io+mem,owns=io+mem,locks=none
[    0.834707] vgaarb: loaded
[    0.835685] vgaarb: bridge control possible 0000:00:02.0
[    0.837687] SCSI subsystem initialized
[    0.839262] ACPI: bus type USB registered
[    0.840677] usbcore: registered new interface driver usbfs
[    0.842332] usbcore: registered new interface driver hub
[    0.844080] usbcore: registered new device driver usb
[    0.846314] PCI: Using ACPI for IRQ routing
[    0.848224] NetLabel: Initializing
[    0.849759] NetLabel:  domain hash size = 128
[    0.851628] NetLabel:  protocols = UNLABELED CIPSOv4
[    0.853872] NetLabel:  unlabeled traffic allowed by default
[    0.855856] amd_nb: Cannot enumerate AMD northbridges
[    0.857488] clocksource: Switched to clocksource kvm-clock
[    0.871718] AppArmor: AppArmor Filesystem Enabled
[    0.874029] pnp: PnP ACPI init
[    0.876723] pnp: PnP ACPI: found 3 devices
[    0.889622] clocksource: acpi_pm: mask: 0xffffff max_cycles: 0xffffff, max_idle_ns: 2085701024 ns
[    0.893537] NET: Registered protocol family 2
[    0.895734] TCP established hash table entries: 8192 (order: 4, 65536 bytes)
[    0.898495] TCP bind hash table entries: 8192 (order: 5, 131072 bytes)
[    0.901249] TCP: Hash tables configured (established 8192 bind 8192)
[    0.904097] UDP hash table entries: 512 (order: 2, 16384 bytes)
[    0.906469] UDP-Lite hash table entries: 512 (order: 2, 16384 bytes)
[    0.909015] NET: Registered protocol family 1
[    0.910897] pci 0000:00:00.0: Limiting direct PCI/PCI transfers
[    0.913215] pci 0000:00:01.0: Activating ISA DMA hang workarounds
[    0.915903] Unpacking initramfs...
[    1.250221] Freeing initrd memory: 14840K
[    1.251748] clocksource: tsc: mask: 0xffffffffffffffff max_cycles: 0x26595493012, max_idle_ns: 440795227598 ns
[    1.254952] platform rtc_cmos: registered platform RTC device (no PNP device found)
[    1.258135] Scanning for low memory corruption every 60 seconds
[    1.260539] audit: initializing netlink subsys (disabled)
[    1.262289] audit: type=2000 audit(1579851308.062:1): initialized
[    1.264428] Initialise system trusted keyring
[    1.265986] HugeTLB registered 2 MB page size, pre-allocated 0 pages
[    1.269336] zbud: loaded
[    1.270769] VFS: Disk quotas dquot_6.6.0
[    1.272036] VFS: Dquot-cache hash table entries: 512 (order 0, 4096 bytes)
[    1.274357] squashfs: version 4.0 (2009/01/31) Phillip Lougher
[    1.276400] fuse init (API version 7.23)
[    1.277783] Key type big_key registered
[    1.279168] Allocating IMA MOK and blacklist keyrings.
[    1.283609] Key type asymmetric registered
[    1.285013] Asymmetric key parser 'x509' registered
[    1.286650] Block layer SCSI generic (bsg) driver version 0.4 loaded (major 249)
[    1.289293] io scheduler noop registered
[    1.290646] io scheduler deadline registered (default)
[    1.292239] io scheduler cfq registered
[    1.293657] pci_hotplug: PCI Hot Plug PCI Core version: 0.5
[    1.295396] pciehp: PCI Express Hot Plug Controller Driver version: 0.4
[    1.297500] ACPI: AC Adapter [AC] (on-line)
[    1.299069] input: Power Button as /devices/LNXSYSTM:00/LNXPWRBN:00/input/input0
[    1.301589] ACPI: Power Button [PWRF]
[    1.303320] input: Sleep Button as /devices/LNXSYSTM:00/LNXSLPBN:00/input/input1
[    1.305653] ACPI: Sleep Button [SLPF]
[    1.308241] ACPI: Battery Slot [BAT0] (battery present)
[    1.309810] GHES: HEST is not enabled!
[    1.311177] Serial: 8250/16550 driver, 32 ports, IRQ sharing enabled
[    1.333883] 00:02: ttyS0 at I/O 0x3f8 (irq = 4, base_baud = 115200) is a 16550A
[    1.338805] Linux agpgart interface v0.103
[    1.343238] loop: module loaded
[    1.345652] scsi host0: ata_piix
[    1.347321] scsi host1: ata_piix
[    1.348817] ata1: PATA max UDMA/33 cmd 0x1f0 ctl 0x3f6 bmdma 0xd000 irq 14
[    1.351860] ata2: PATA max UDMA/33 cmd 0x170 ctl 0x376 bmdma 0xd008 irq 15
[    1.355634] libphy: Fixed MDIO Bus: probed
[    1.358515] tun: Universal TUN/TAP device driver, 1.6
[    1.361469] tun: (C) 1999-2004 Max Krasnyansky <maxk@qualcomm.com>
[    1.364643] PPP generic driver version 2.4.2
[    1.366602] ehci_hcd: USB 2.0 'Enhanced' Host Controller (EHCI) Driver
[    1.369182] ehci-pci: EHCI PCI platform driver
[    1.371166] ehci-platform: EHCI generic platform driver
[    1.373544] ohci_hcd: USB 1.1 'Open' Host Controller (OHCI) Driver
[    1.376694] ohci-pci: OHCI PCI platform driver
[    1.379579] ohci-platform: OHCI generic platform driver
[    1.383544] uhci_hcd: USB Universal Host Controller Interface driver
[    1.389127] i8042: PNP: PS/2 Controller [PNP0303:PS2K,PNP0f03:PS2M] at 0x60,0x64 irq 1,12
[    1.398286] serio: i8042 KBD port at 0x60,0x64 irq 1
[    1.402311] serio: i8042 AUX port at 0x60,0x64 irq 12
[    1.407312] mousedev: PS/2 mouse device common for all mice
[    1.413540] input: AT Translated Set 2 keyboard as /devices/platform/i8042/serio0/input/input2
[    1.419525] rtc_cmos rtc_cmos: rtc core: registered rtc_cmos as rtc0
[    1.424312] rtc_cmos rtc_cmos: alarms up to one day, 114 bytes nvram
[    1.429115] i2c /dev entries driver
[    1.431803] device-mapper: uevent: version 1.0.3
[    1.435878] device-mapper: ioctl: 4.34.0-ioctl (2015-10-28) initialised: dm-devel@redhat.com
[    1.442590] ledtrig-cpu: registered to indicate activity on CPUs
[    1.448416] NET: Registered protocol family 10
[    1.451278] NET: Registered protocol family 17
[    1.454283] Key type dns_resolver registered
[    1.459477] registered taskstats version 1
[    1.462147] Loading compiled-in X.509 certificates
[    1.465711] Loaded X.509 cert 'Build time autogenerated kernel key: f0e56e97f406068ace47a9bf54316e9855aaaa43'
[    1.471233] zswap: loaded using pool lzo/zbud
[    1.476437] Key type trusted registered
[    1.488907] Key type encrypted registered
[    1.491193] AppArmor: AppArmor sha1 policy hashing enabled
[    1.493309] ima: No TPM chip found, activating TPM-bypass!
[    1.495552] ima: Allocated hash algorithm: sha1
[    1.497079] evm: HMAC attrs: 0x1
[    1.499272]   Magic number: 4:542:572
[    1.500775] rtc_cmos rtc_cmos: setting system clock to 2020-01-24 07:34:56 UTC (1579851296)
[    1.508306] BIOS EDD facility v0.16 2004-Jun-25, 0 devices found
[    1.510494] EDD information not available.
[    1.515689] Freeing unused kernel memory: 1488K
[    1.517772] Write protecting the kernel read-only data: 14336k
[    1.521554] Freeing unused kernel memory: 1604K
[    1.524035] Freeing unused kernel memory: 60K
Loading, please wait...
starting version 229
[    1.549353] random: systemd-udevd: uninitialized urandom read (16 bytes read, 2 bits of entropy available)
[    1.550359] random: udevadm: uninitialized urandom read (16 bytes read, 2 bits of entropy available)
[    1.550394] random: udevadm: uninitialized urandom read (16 bytes read, 2 bits of entropy available)
[    1.561309] random: systemd-udevd: uninitialized urandom read (16 bytes read, 2 bits of entropy available)
[    1.565450] random: systemd-udevd: uninitialized urandom read (16 bytes read, 2 bits of entropy available)
[    1.568653] random: udevadm: uninitialized urandom read (16 bytes read, 2 bits of entropy available)
[    1.568760] random: udevadm: uninitialized urandom read (16 bytes read, 2 bits of entropy available)
[    1.569013] random: udevadm: uninitialized urandom read (16 bytes read, 2 bits of entropy available)
[    1.569110] random: udevadm: uninitialized urandom read (16 bytes read, 2 bits of entropy available)
[    1.569208] random: udevadm: uninitialized urandom read (16 bytes read, 2 bits of entropy available)
[    1.731890] e1000: Intel(R) PRO/1000 Network Driver - version 7.3.21-k8-NAPI
[    1.735519] e1000: Copyright (c) 1999-2006 Intel Corporation.
[    1.746870] SSE version of gcm_enc/dec engaged.
[    1.749874] Fusion MPT base driver 3.04.20
[    1.752306] Copyright (c) 1999-2008 LSI Corporation
[    1.776459] Fusion MPT SPI Host driver 3.04.20
[    1.924769] input: ImExPS/2 Generic Explorer Mouse as /devices/platform/i8042/serio1/input/input4
[    2.262925] e1000 0000:00:03.0 eth0: (PCI:33MHz:32-bit) 02:4f:25:6a:cc:77
[    2.265782] e1000 0000:00:03.0 eth0: Intel(R) PRO/1000 Network Connection
[    2.272948] mptbase: ioc0: Initiating bringup
[    2.278583] e1000 0000:00:03.0 enp0s3: renamed from eth0
[    2.341747] ioc0: LSI53C1030 A0: Capabilities={Initiator}
[    2.504668] scsi host2: ioc0: LSI53C1030 A0, FwRev=00000000h, Ports=1, MaxQ=256, IRQ=20
[    2.618490] scsi 2:0:0:0: Direct-Access     VBOX     HARDDISK         1.0  PQ: 0 ANSI: 5
[    2.622952] scsi target2:0:0: Beginning Domain Validation
[    2.629472] scsi target2:0:0: Domain Validation skipping write tests
[    2.632668] scsi target2:0:0: Ending Domain Validation
[    2.635191] scsi target2:0:0: asynchronous
[    2.638804] scsi 2:0:1:0: Direct-Access     VBOX     HARDDISK         1.0  PQ: 0 ANSI: 5
[    2.645436] scsi target2:0:1: Beginning Domain Validation
[    2.653025] scsi target2:0:1: Domain Validation skipping write tests
[    2.656386] scsi target2:0:1: Ending Domain Validation
[    2.659459] scsi target2:0:1: asynchronous
[    2.662893] scsi 2:0:2:0: Direct-Access     VBOX     HARDDISK         1.0  PQ: 0 ANSI: 5
[    2.669390] scsi target2:0:2: Beginning Domain Validation
[    2.676526] scsi target2:0:2: Domain Validation skipping write tests
[    2.679198] scsi target2:0:2: Ending Domain Validation
[    2.681459] scsi target2:0:2: asynchronous
[    2.684154] scsi 2:0:3:0: Direct-Access     VBOX     HARDDISK         1.0  PQ: 0 ANSI: 5
[    2.699600] scsi target2:0:3: Beginning Domain Validation
[    2.703760] scsi target2:0:3: Domain Validation skipping write tests
[    2.705686] scsi target2:0:3: Ending Domain Validation
[    2.707331] scsi target2:0:3: asynchronous
[    2.709312] scsi 2:0:4:0: Direct-Access     VBOX     HARDDISK         1.0  PQ: 0 ANSI: 5
[    2.711857] scsi target2:0:4: Beginning Domain Validation
[    2.715250] scsi target2:0:4: Domain Validation skipping write tests
[    2.717078] scsi target2:0:4: Ending Domain Validation
[    2.718787] scsi target2:0:4: asynchronous
[    2.720743] scsi 2:0:5:0: Direct-Access     VBOX     HARDDISK         1.0  PQ: 0 ANSI: 5
[    2.723542] scsi target2:0:5: Beginning Domain Validation
[    2.728718] scsi target2:0:5: Domain Validation skipping write tests
[    2.730566] scsi target2:0:5: Ending Domain Validation
[    2.732201] scsi target2:0:5: asynchronous
[    2.741277] sd 2:0:0:0: Attached scsi generic sg0 type 0
[    2.741863] sd 2:0:0:0: [sda] 20971520 512-byte logical blocks: (10.7 GB/10.0 GiB)
[    2.742076] sd 2:0:0:0: [sda] Write Protect is off
[    2.742235] sd 2:0:0:0: [sda] Incomplete mode parameter data
[    2.742237] sd 2:0:0:0: [sda] Assuming drive cache: write through
[    2.751924] sd 2:0:1:0: [sdb] 20480 512-byte logical blocks: (10.5 MB/10.0 MiB)
[    2.751946] sd 2:0:1:0: Attached scsi generic sg1 type 0
[    2.756369] sd 2:0:2:0: [sdc] 614400 512-byte logical blocks: (315 MB/300 MiB)
[    2.756835] sd 2:0:1:0: [sdb] Write Protect is off
[    2.756980] sd 2:0:1:0: [sdb] Incomplete mode parameter data
[    2.756982] sd 2:0:1:0: [sdb] Assuming drive cache: write through
[    2.761573] sd 2:0:2:0: Attached scsi generic sg2 type 0
[    2.761776] sd 2:0:3:0: Attached scsi generic sg3 type 0
[    2.761947] sd 2:0:4:0: Attached scsi generic sg4 type 0
[    2.762147] sd 2:0:5:0: Attached scsi generic sg5 type 0
[    2.763834] sd 2:0:3:0: [sdd] 614400 512-byte logical blocks: (315 MB/300 MiB)
[    2.764072] sd 2:0:3:0: [sdd] Write Protect is off
[    2.764185] sd 2:0:4:0: [sde] 614400 512-byte logical blocks: (315 MB/300 MiB)
[    2.764289] sd 2:0:3:0: [sdd] Incomplete mode parameter data
[    2.764293] sd 2:0:3:0: [sdd] Assuming drive cache: write through
[    2.766539] sd 2:0:3:0: [sdd] Attached SCSI disk
[    2.766712] sd 2:0:5:0: [sdf] 614400 512-byte logical blocks: (315 MB/300 MiB)
[    2.766975] sd 2:0:5:0: [sdf] Write Protect is off
[    2.767150] sd 2:0:5:0: [sdf] Incomplete mode parameter data
[    2.767151] sd 2:0:5:0: [sdf] Assuming drive cache: write through
[    2.768645] sd 2:0:4:0: [sde] Write Protect is off
[    2.769003] sd 2:0:4:0: [sde] Incomplete mode parameter data
[    2.769005] sd 2:0:4:0: [sde] Assuming drive cache: write through
[    2.769230] sd 2:0:5:0: [sdf] Attached SCSI disk
[    2.771786] sd 2:0:4:0: [sde] Attached SCSI disk
[    2.854978]  sda: sda1
[    2.855942] sd 2:0:0:0: [sda] Attached SCSI disk
[    2.872820] sd 2:0:2:0: [sdc] Write Protect is off
[    2.875371] sd 2:0:2:0: [sdc] Incomplete mode parameter data
[    2.877683] sd 2:0:2:0: [sdc] Assuming drive cache: write through
[    2.883838] sd 2:0:2:0: [sdc] Attached SCSI disk
[    2.924090] sd 2:0:1:0: [sdb] Attached SCSI disk
Begin: Loading essential drivers ... [    4.869154] md: linear personality registered for level -1
[    4.877490] md: multipath personality registered for level -4
[    4.886405] md: raid0 personality registered for level 0
[    4.899584] md: raid1 personality registered for level 1
[    4.978006] raid6: sse2x1   gen()  2472 MB/s
[    5.045959] raid6: sse2x1   xor()  2508 MB/s
[    5.113592] raid6: sse2x2   gen()  5153 MB/s
[    5.181826] raid6: sse2x2   xor()  5884 MB/s
[    5.250124] raid6: sse2x4   gen()  8413 MB/s
[    5.317559] raid6: sse2x4   xor()  2255 MB/s
[    5.321120] raid6: using algorithm sse2x4 gen() 8413 MB/s
[    5.325369] raid6: .... xor() 2255 MB/s, rmw enabled
[    5.329743] raid6: using ssse3x2 recovery algorithm
[    5.337634] xor: measuring software checksum speed
[    5.377970]    prefetch64-sse:  8763.000 MB/sec
[    5.417939]    generic_sse:  8589.000 MB/sec
[    5.419771] xor: using function: prefetch64-sse (8763.000 MB/sec)
[    5.425621] async_tx: api initialized (async)
[    5.451676] md: raid6 personality registered for level 6
[    5.461353] md: raid5 personality registered for level 5
[    5.463766] md: raid4 personality registered for level 4
[    5.479392] md: raid10 personality registered for level 10
done.
Begin: Running /scripts/init-premount ... done.
Begin: Mounting root file system ... Begin: Running /scripts/local-top ... done.
Begin: Running /scripts/local-premount ... [    5.533724] Btrfs loaded
Scanning for Btrfs filesystems
[    5.596133] random: nonblocking pool is initialized
done.
Warning: fsck not present, so skipping root file system
[    5.782731] EXT4-fs (sda1): mounted filesystem with ordered data mode. Opts: (null)
done.
Begin: Running /scripts/local-bottom ... done.
Begin: Running /scripts/init-bottom ... done.
[    6.627001] systemd[1]: systemd 229 running in system mode. (+PAM +AUDIT +SELINUX +IMA +APPARMOR +SMACK +SYSVINIT +UTMP +LIBCRYPTSETUP +GCRYPT +GNUTLS +ACL +XZ -LZ4 +SECCOMP +BLKID +ELFUTILS +KMOD -IDN)
[    6.632740] systemd[1]: Detected virtualization oracle.
[    6.634470] systemd[1]: Detected architecture x86-64.

Welcome to [1mUbuntu 16.04.6 LTS[0m!

[    6.707879] systemd[1]: Set hostname to <ubuntu>.
[    6.754933] systemd[1]: Initializing machine ID from random generator.
[    6.757030] systemd[1]: Installed transient /etc/machine-id file.
[    7.960445] systemd[1]: Listening on Syslog Socket.
[[0;32m  OK  [0m] Listening on Syslog Socket.
[    7.963812] systemd[1]: Reached target Swap.
[[0;32m  OK  [0m] Reached target Swap.
[    7.966703] systemd[1]: Listening on LVM2 poll daemon socket.
[[0;32m  OK  [0m] Listening on LVM2 poll daemon socket.
[    7.970488] systemd[1]: Set up automount Arbitrary Executable File Formats File System Automount Point.
[[0;32m  OK  [0m] Set up automount Arbitrary Executab...ats File System Automount Point.
[    7.984271] systemd[1]: Created slice User and Session Slice.
[[0;32m  OK  [0m] Created slice User and Session Slice.
[    7.987972] systemd[1]: Reached target User and Group Name Lookups.
[[0;32m  OK  [0m] Reached target User and Group Name Lookups.
[    7.992101] systemd[1]: Listening on Journal Audit Socket.
[[0;32m  OK  [0m] Listening on Journal Audit Socket.
[    7.995605] systemd[1]: Listening on Journal Socket (/dev/log).
[[0;32m  OK  [0m] Listening on Journal Socket (/dev/log).
[    7.999199] systemd[1]: Listening on LVM2 metadata daemon socket.
[[0;32m  OK  [0m] Listening on LVM2 metadata daemon socket.
[    8.002935] systemd[1]: Listening on /dev/initctl Compatibility Named Pipe.
[[0;32m  OK  [0m] Listening on /dev/initctl Compatibility Named Pipe.
[    8.007028] systemd[1]: Listening on udev Kernel Socket.
[[0;32m  OK  [0m] Listening on udev Kernel Socket.
[    8.010487] systemd[1]: Started Trigger resolvconf update for networkd DNS.
[[0;32m  OK  [0m] Started Trigger resolvconf update for networkd DNS.
[    8.014658] systemd[1]: Started Forward Password Requests to Wall Directory Watch.
[[0;32m  OK  [0m] Started Forward Password Requests to Wall Directory Watch.
[    8.019486] systemd[1]: Listening on Device-mapper event daemon FIFOs.
[[0;32m  OK  [0m] Listening on Device-mapper event daemon FIFOs.
[    8.023288] systemd[1]: Reached target System Time Synchronized.
[[0;32m  OK  [0m] Reached target System Time Synchronized.
[    8.026869] systemd[1]: Listening on udev Control Socket.
[[0;32m  OK  [0m] Listening on udev Control Socket.
[    8.030430] systemd[1]: Reached target Encrypted Volumes.
[[0;32m  OK  [0m] Reached target Encrypted Volumes.
[    8.033840] systemd[1]: Listening on Journal Socket.
[[0;32m  OK  [0m] Listening on Journal Socket.
[    8.037345] systemd[1]: Created slice System Slice.
[[0;32m  OK  [0m] Created slice System Slice.
[    8.054632] systemd[1]: Starting Uncomplicated firewall...
         Starting Uncomplicated firewall...
[    8.059659] systemd[1]: Starting Monitoring of LVM2 mirrors, snapshots etc. using dmeventd or progress polling...
         Starting Monitoring of LVM2 mirrors... dmeventd or progress polling...
[    8.066425] systemd[1]: Mounting POSIX Message Queue File System...
         Mounting POSIX Message Queue File System...
[    8.070748] systemd[1]: Created slice system-serial\x2dgetty.slice.
[[0;32m  OK  [0m] Created slice system-serial\x2dgetty.slice.
[    8.133958] systemd[1]: Starting Load Kernel Modules...
         Starting Load Kernel Modules...
[    8.139298] systemd[1]: Starting Set console keymap...
         Starting Set console keymap...
[    8.266058] systemd[1]: Mounting Huge Pages File System...
         Mounting Huge Pages File System...
[    8.270660] systemd[1]: Reached target Slices.
[[0;32m  OK  [0m] Reached target Slices.
[    8.275242] systemd[1]: Starting Remount Root and Kernel File Systems...
         Starting Remount Root and Kernel File Systems...
[    8.282905] systemd[1]: Starting Nameserver information manager...
         Starting Nameserver information manager...
[    8.288303] systemd[1]: Starting Journal Service...
         Starting Journal Service...
[    8.292852] systemd[1]: Mounting Debug File System...
         Mounting Debug File System...
[    8.298024] systemd[1]: Starting Create list of required static device nodes for the current kernel...
         Starting Create list of required st... nodes for the current kernel...
[    8.306900] systemd[1]: Mounted Debug File System.
[[0;32m  OK  [0m] Mounted Debug File System.
[    8.310138] systemd[1]: Mounted Huge Pages File System.
[[0;32m  OK  [0m] Mounted Huge Pages File System.
[    8.313440] systemd[1]: Mounted POSIX Message Queue File System.
[[0;32m  OK  [0m] Mounted POSIX Message Queue File System.
[    8.318812] systemd[1]: Started Uncomplicated firewall.
[[0;32m  OK  [0m] Started Uncomplicated firewall.
[    8.438193] systemd[1]: Started Nameserver information manager.
[[0;32m  OK  [0m] Started Nameserver information manager.
[    8.447421] Loading iSCSI transport class v2.0-870.
[    8.520261] iscsi: registered transport (tcp)
[    8.541341] systemd[1]: Started Create list of required static device nodes for the current kernel.
[[0;32m  OK  [0m] Started Create list of required sta...ce nodes for the current kernel.
[    8.552297] EXT4-fs (sda1): re-mounted. Opts: (null)
[    8.569925] systemd[1]: Starting Create Static Device Nodes in /dev...
         Starting Create Static Device Nodes in /dev...
[    8.578118] systemd[1]: Started Remount Root and Kernel File Systems.
[[0;32m  OK  [0m] Started Remount Root and Kernel File Systems.
[    8.613813] systemd[1]: Starting udev Coldplug all Devices...
         Starting udev Coldplug all Devices...
[    8.620121] systemd[1]: Starting Load/Save Random Seed...
         Starting Load/Save Random Seed...
[    8.625552] systemd[1]: Started Set console keymap.
[[0;32m  OK  [0m] Started Set console keymap.
[    8.714490] systemd[1]: Started LVM2 metadata daemon.
[[0;32m  OK  [0m] Started LVM2 metadata daemon.
[    8.763060] systemd[1]: Started Load/Save Random Seed.
[[0;32m  OK  [0m] Started Load/Save Random Seed.
[    8.849959] iscsi: registered transport (iser)
[    8.853302] systemd[1]: Started Load Kernel Modules.
[[0;32m  OK  [0m] Started Load Kernel Modules.
[    8.862912] systemd[1]: Mounting FUSE Control File System...
         Mounting FUSE Control File System...
[    8.872639] systemd[1]: Starting Apply Kernel Variables...
         Starting Apply Kernel Variables...
[    8.883903] systemd[1]: Mounted FUSE Control File System.
[[0;32m  OK  [0m] Mounted FUSE Control File System.
[    8.911773] systemd[1]: Started Journal Service.
[[0;32m  OK  [0m] Started Journal Service.
[[0;32m  OK  [0m] Started udev Coldplug all Devices.
         Starting Flush Journal to Persistent Storage...
[    8.988857] systemd-journald[401]: Received request to flush runtime journal from PID 1
[[0;32m  OK  [0m] Started Apply Kernel Variables.
[[0;32m  OK  [0m] Started Flush Journal to Persistent Storage.
[[0;32m  OK  [0m] Started Create Static Device Nodes in /dev.
         Starting udev Kernel Device Manager...
[[0;32m  OK  [0m] Started Monitoring of LVM2 mirrors,...ng dmeventd or progress polling.
[[0;32m  OK  [0m] Reached target Local File Systems (Pre).
[[0;32m  OK  [0m] Reached target Local File Systems.
         Starting Create Volatile Files and Directories...
         Starting Set console font and keymap...
         Starting LSB: AppArmor initialization...
         Starting Initial cloud-init job (pre-networking)...
         Starting Tell Plymouth To Write Out Runtime Data...
         Starting Commit a transient machine-id on disk...
[[0;32m  OK  [0m] Started udev Kernel Device Manager.
[[0;32m  OK  [0m] Started Dispatch Password Requests to Console Directory Watch.
[[0;32m  OK  [0m] Started Commit a transient machine-id on disk.
[[0;32m  OK  [0m] Started Tell Plymouth To Write Out Runtime Data.
[[0;32m  OK  [0m] Started Create Volatile Files and Directories.
         Starting Update UTMP about System Boot/Shutdown...
[[0;32m  OK  [0m] Found device /dev/ttyS0.
[[0;32m  OK  [0m] Started Update UTMP about System Boot/Shutdown.
[[0;32m  OK  [0m] Listening on Load/Save RF Kill Switch Status /dev/rfkill Watch.
[[0;32m  OK  [0m] Started Set console font and keymap.
[[0;32m  OK  [0m] Created slice system-getty.slice.
[[0;32m  OK  [0m] Started LSB: AppArmor initialization.
[   15.167380] cloud-init[484]: Cloud-init v. 19.2-36-g059d049c-0ubuntu2~16.04.1 running 'init-local' at Fri, 24 Jan 2020 07:35:09 +0000. Up 14.24 seconds.
[[0;32m  OK  [0m] Started Initial cloud-init job (pre-networking).
[[0;32m  OK  [0m] Reached target Network (Pre).
         Starting Raise network interfaces...
[[0;32m  OK  [0m] Started Raise network interfaces.
[[0;32m  OK  [0m] Reached target Network.
         Starting Initial cloud-init job (metadata service crawler)...
[   19.228437] cloud-init[1033]: Cloud-init v. 19.2-36-g059d049c-0ubuntu2~16.04.1 running 'init' at Fri, 24 Jan 2020 07:35:11 +0000. Up 16.40 seconds.
[   19.232939] cloud-init[1033]: ci-info: ++++++++++++++++++++++++++++++++++++++Net device info++++++++++++++++++++++++++++++++++++++
[   19.236781] cloud-init[1033]: ci-info: +--------+------+----------------------------+---------------+--------+-------------------+
[   19.240820] cloud-init[1033]: ci-info: | Device |  Up  |          Address           |      Mask     | Scope  |     Hw-Address    |
[   19.245718] cloud-init[1033]: ci-info: +--------+------+----------------------------+---------------+--------+-------------------+
[   19.249705] cloud-init[1033]: ci-info: | enp0s3 | True |         10.0.2.15          | 255.255.255.0 | global | 02:4f:25:6a:cc:77 |
[   19.253964] cloud-init[1033]: ci-info: | enp0s3 | True | fe80::4f:25ff:fe6a:cc77/64 |       .       |  link  | 02:4f:25:6a:cc:77 |
[   19.258595] cloud-init[1033]: ci-info: |   lo   | True |         127.0.0.1          |   255.0.0.0   |  host  |         .         |
[   19.262943] cloud-init[1033]: ci-info: |   lo   | True |          ::1/128           |       .       |  host  |         .         |
[   19.267399] cloud-init[1033]: ci-info: +--------+------+----------------------------+---------------+--------+-------------------+
[   19.271464] cloud-init[1033]: ci-info: +++++++++++++++++++++++++++Route IPv4 info++++++++++++++++++++++++++++
[   19.275047] cloud-init[1033]: ci-info: +-------+-------------+----------+---------------+-----------+-------+
[   19.278253] cloud-init[1033]: ci-info: | Route | Destination | Gateway  |    Genmask    | Interface | Flags |
[   19.281703] cloud-init[1033]: ci-info: +-------+-------------+----------+---------------+-----------+-------+
[   19.285143] cloud-init[1033]: ci-info: |   0   |   0.0.0.0   | 10.0.2.2 |    0.0.0.0    |   enp0s3  |   UG  |
[   19.288598] cloud-init[1033]: ci-info: |   1   |   10.0.2.0  | 0.0.0.0  | 255.255.255.0 |   enp0s3  |   U   |
[   19.292108] cloud-init[1033]: ci-info: +-------+-------------+----------+---------------+-----------+-------+
[   19.295553] cloud-init[1033]: ci-info: +++++++++++++++++++Route IPv6 info+++++++++++++++++++
[   19.305542] cloud-init[1033]: ci-info: +-------+-------------+---------+-----------+-------+
[   19.308785] cloud-init[1033]: ci-info: | Route | Destination | Gateway | Interface | Flags |
[   19.317323] cloud-init[1033]: ci-info: +-------+-------------+---------+-----------+-------+
[   19.325137] cloud-init[1033]: ci-info: |   0   |  fe80::/64  |    ::   |   enp0s3  |   U   |
[   19.328416] cloud-init[1033]: ci-info: |   3   |   ff00::/8  |    ::   |   enp0s3  |   U   |
[   19.336806] cloud-init[1033]: ci-info: +-------+-------------+---------+-----------+-------+
[   19.345170] cloud-init[1033]: Generating public/private rsa key pair.
[   19.347487] cloud-init[1033]: Your identification has been saved in /etc/ssh/ssh_host_rsa_key.
[   19.350842] cloud-init[1033]: Your public key has been saved in /etc/ssh/ssh_host_rsa_key.pub.
[   19.354110] cloud-init[1033]: The key fingerprint is:
[   19.356243] cloud-init[1033]: SHA256:LhlZcc6RzANpWDi8R9XEhIOfLxhEm9a+M9pfB0yJwR0 root@ubuntu-xenial
[   19.359805] cloud-init[1033]: The key's randomart image is:
[   19.362023] cloud-init[1033]: +---[RSA 2048]----+
[   19.363949] cloud-init[1033]: |     . ==B+O+.E. |
[   19.366024] cloud-init[1033]: |      = *OB.+o.. |
[   19.368011] cloud-init[1033]: |       *=.++. o  |
[   19.370312] cloud-init[1033]: |      .+o.o  o   |
[   19.372377] cloud-init[1033]: |      o.So..  o  |
[   19.374515] cloud-init[1033]: |       +. ...  . |
[   19.376520] cloud-init[1033]: |      o . +.  . .|
[   19.378408] cloud-init[1033]: |       . o o . . |
[   19.380338] cloud-init[1033]: |        . ...    |
[   19.382234] cloud-init[1033]: +----[SHA256]-----+
[   19.384163] cloud-init[1033]: Generating public/private dsa key pair.
[   19.386640] cloud-init[1033]: Your identification has been saved in /etc/ssh/ssh_host_dsa_key.
[   19.389830] cloud-init[1033]: Your public key has been saved in /etc/ssh/ssh_host_dsa_key.pub.
[   19.392895] cloud-init[1033]: The key fingerprint is:
[   19.394904] cloud-init[1033]: SHA256:noBIl2QXNV1zkT4evw9fn38E48plCMD5o+0KgmyUpvI root@ubuntu-xenial
[   19.398147] cloud-init[1033]: The key's randomart image is:
[   19.400476] cloud-init[1033]: +---[DSA 1024]----+
[   19.402310] cloud-init[1033]: |    o o+oo .o oo |
[   19.404212] cloud-init[1033]: |   o o  +..  o.  |
[   19.406163] cloud-init[1033]: |  . o    o   .   |
[   19.408455] cloud-init[1033]: | . + .    +   *  |
[   19.410399] cloud-init[1033]: |  = . . So o + * |
[   19.412576] cloud-init[1033]: | = .   o... . = o|
[   19.414486] cloud-init[1033]: |o + . . o. . +..o|
[   19.416430] cloud-init[1033]: |.o   . .  . o  +=|
[   19.418350] cloud-init[1033]: |  E     ..     .O|
[   19.420262] cloud-init[1033]: +----[SHA256]-----+
[   19.422370] cloud-init[1033]: Generating public/private ecdsa key pair.
[   19.424912] cloud-init[1033]: Your identification has been saved in /etc/ssh/ssh_host_ecdsa_key.
[   19.428142] cloud-init[1033]: Your public key has been saved in /etc/ssh/ssh_host_ecdsa_key.pub.
[   19.431513] cloud-init[1033]: The key fingerprint is:
[   19.433693] cloud-init[1033]: SHA256:jQHLDuNdN+OTfe0RpYuZFd5Mf/0pA++VzO7DrCoPeTI root@ubuntu-xenial
[   19.436866] cloud-init[1033]: The key's randomart image is:
[   19.439031] cloud-init[1033]: +---[ECDSA 256]---+
[   19.440917] cloud-init[1033]: |      .       . o|
[   19.442881] cloud-init[1033]: |     . o     . *+|
[   19.444957] cloud-init[1033]: |    o o o +.  +.*|
[   19.446958] cloud-init[1033]: |   . = . * =o=oo*|
[   19.448903] cloud-init[1033]: |    . o S = =+oBo|
[   19.450936] cloud-init[1033]: |          ....=..|
[   19.452897] cloud-init[1033]: |         E . .o..|
[   19.454920] cloud-init[1033]: |         .=   .+ |
[   19.456791] cloud-init[1033]: |          oo.....|
[   19.458648] cloud-init[1033]: +----[SHA256]-----+
[   19.460525] cloud-init[1033]: Generating public/private ed25519 key pair.
[   19.462831] cloud-init[1033]: Your identification has been saved in /etc/ssh/ssh_host_ed25519_key.
[   19.466200] cloud-init[1033]: Your public key has been saved in /etc/ssh/ssh_host_ed25519_key.pub.
[   19.469409] cloud-init[1033]: The key fingerprint is:
[   19.471611] cloud-init[1033]: SHA256:wQ2QyxPvo0uiKBB7v8eUUfBu8MxqhBVJMMf51L4LzR0 root@ubuntu-xenial
[   19.475033] cloud-init[1033]: The key's randomart image is:
[   19.477305] cloud-init[1033]: +--[ED25519 256]--+
[   19.479369] cloud-init[1033]: |    o+**..       |
[   19.481264] cloud-init[1033]: |     o*+oo.      |
[   19.483428] cloud-init[1033]: |     .oB+..      |
[   19.485628] cloud-init[1033]: |.    o=*o.. E    |
[   19.487792] cloud-init[1033]: | o  . .=So o .   |
[   19.489950] cloud-init[1033]: |o .  .oo+ + .    |
[   19.491994] cloud-init[1033]: |.. ..o+. o .     |
[   19.494492] cloud-init[1033]: |.. ..++   .      |
[   19.496690] cloud-init[1033]: |o . .o..         |
[   19.505736] cloud-init[1033]: +----[SHA256]-----+
[[0;32m  OK  [0m] Started Initial cloud-init job (metadata service crawler).
[[0;32m  OK  [0m] Reached target Network is Online.
         Starting iSCSI initiator daemon (iscsid)...
[[0;32m  OK  [0m] Reached target Cloud-config availability.
[[0;32m  OK  [0m] Reached target System Initialization.
[[0;32m  OK  [0m] Started ACPI Events Check.
[[0;32m  OK  [0m] Reached target Paths.
[[0;32m  OK  [0m] Listening on D-Bus System Message Bus Socket.
[[0;32m  OK  [0m] Listening on UUID daemon activation socket.
[[0;32m  OK  [0m] Listening on ACPID Listen Socket.
[[0;32m  OK  [0m] Started Daily apt download activities.
[[0;32m  OK  [0m] Started Daily apt upgrade and clean activities.
         Starting Socket activation for snappy daemon.
[[0;32m  OK  [0m] Started Message of the Day.
[[0;32m  OK  [0m] Started Daily Cleanup of Temporary Directories.
[[0;32m  OK  [0m] Reached target Timers.
         Starting LXD - unix socket.
[[0;32m  OK  [0m] Listening on Socket activation for snappy daemon.
[[0;32m  OK  [0m] Listening on LXD - unix socket.
[[0;32m  OK  [0m] Reached target Sockets.
[[0;32m  OK  [0m] Reached target Basic System.
         Starting Accounts Service...
         Starting /etc/rc.local Compatibility...
[[0;32m  OK  [0m] Started Deferred execution scheduler.
         Starting Snappy daemon...
[[0;32m  OK  [0m] Started FUSE filesystem for LXC.
         Starting Login Service...
         Starting Virtualbox guest utils...
[[0;32m  OK  [0m] Started ACPI event daemon.
         Starting Pollinate to seed the pseudo random number generator...
         Starting LSB: MD monitoring daemon...
[[0;32m  OK  [0m] Started D-Bus System Message Bus.
         Starting System Logging Service...
         Starting LXD - container startup/shutdown...
         Starting LSB: Record successful boot for GRUB...
[[0;32m  OK  [0m] Started Regular background program processing daemon.
[[0;32m  OK  [0m] Started iSCSI initiator daemon (iscsid).
[[0;32m  OK  [0m] Started /etc/rc.local Compatibility.
         Starting Login to default iSCSI targets...
[[0;32m  OK  [0m] Started Login Service.
[[0;32m  OK  [0m] Started Unattended Upgrades Shutdown.
[[0;32m  OK  [0m] Started LSB: MD monitoring daemon.
[[0;32m  OK  [0m] Started Login to default iSCSI targets.
[[0;32m  OK  [0m] Reached target Remote File Systems (Pre).
[[0;32m  OK  [0m] Reached target Remote File Systems.
         Starting Permit User Sessions...
         Starting LSB: automatic crash report generation...
         Starting LSB: daemon to balance interrupts for SMP systems...
         Starting LSB: Set the CPU Frequency Scaling governor to "ondemand"...
[[0;32m  OK  [0m] Started LSB: Set the CPU Frequency Scaling governor to "ondemand".
[[0;32m  OK  [0m] Started Permit User Sessions.
         Starting Hold until boot process finishes up...
         Starting Terminate Plymouth Boot Screen...
         Starting Authenticate and Authorize Users to Run Privileged Tasks...
[[0;32m  OK  [0m] Started Hold until boot process finishes up.
[[0;32m  OK  [0m] Started Terminate Plymouth Boot Screen.
[[0;32m  OK  [0m] Started LSB: Record successful boot for GRUB.
         Starting Set console scheme...
[[0;32m  OK  [0m] Started Serial Getty on ttyS0.
[[0;32m  OK  [0m] Started Getty on tty1.
[[0;32m  OK  [0m] Reached target Login Prompts.
[[0;32m  OK  [0m] Started System Logging Service.
[[0;32m  OK  [0m] Started Set console scheme.
[[0;32m  OK  [0m] Started LSB: automatic crash report generation.
[[0;32m  OK  [0m] Started LSB: daemon to balance interrupts for SMP systems.
[[0;32m  OK  [0m] Started Virtualbox guest utils.
[[0;32m  OK  [0m] Started Authenticate and Authorize Users to Run Privileged Tasks.
[[0;32m  OK  [0m] Started Accounts Service.
[[0;32m  OK  [0m] Started Pollinate to seed the pseudo random number generator.
         Starting OpenBSD Secure Shell server...
[[0;32m  OK  [0m] Started Snappy daemon.
         Starting Wait until snapd is fully seeded...
[[0;32m  OK  [0m] Started OpenBSD Secure Shell server.
[[0;32m  OK  [0m] Started LXD - container startup/shutdown.
[[0;32m  OK  [0m] Created slice User Slice of vagrant.
         Starting User Manager for UID 1000...
[[0;32m  OK  [0m] Started Session 1 of user vagrant.
[[0;32m  OK  [0m] Started User Manager for UID 1000.
[   27.714391] cloud-init[1412]: Generating locales (this might take a while)...

Ubuntu 16.04.6 LTS ubuntu-xenial ttyS0

ubuntu-xenial login: [   29.947497] cloud-init[1412]:   en_US.UTF-8... done
[   29.955451] cloud-init[1412]: Generation complete.
[   32.079427] cloud-init[1412]: Cloud-init v. 19.2-36-g059d049c-0ubuntu2~16.04.1 running 'modules:config' at Fri, 24 Jan 2020 07:35:22 +0000. Up 27.30 seconds.
ci-info: no authorized ssh keys fingerprints found for user ubuntu.
<14>Jan 24 07:35:28 ec2: 
<14>Jan 24 07:35:28 ec2: #############################################################
<14>Jan 24 07:35:28 ec2: -----BEGIN SSH HOST KEY FINGERPRINTS-----
<14>Jan 24 07:35:28 ec2: 1024 SHA256:noBIl2QXNV1zkT4evw9fn38E48plCMD5o+0KgmyUpvI root@ubuntu-xenial (DSA)
<14>Jan 24 07:35:28 ec2: 256 SHA256:jQHLDuNdN+OTfe0RpYuZFd5Mf/0pA++VzO7DrCoPeTI root@ubuntu-xenial (ECDSA)
<14>Jan 24 07:35:28 ec2: 256 SHA256:wQ2QyxPvo0uiKBB7v8eUUfBu8MxqhBVJMMf51L4LzR0 root@ubuntu-xenial (ED25519)
<14>Jan 24 07:35:28 ec2: 2048 SHA256:LhlZcc6RzANpWDi8R9XEhIOfLxhEm9a+M9pfB0yJwR0 root@ubuntu-xenial (RSA)
<14>Jan 24 07:35:28 ec2: -----END SSH HOST KEY FINGERPRINTS-----
<14>Jan 24 07:35:28 ec2: #############################################################
-----BEGIN SSH HOST KEY KEYS-----
ecdsa-sha2-nistp256 AAAAE2VjZHNhLXNoYTItbmlzdHAyNTYAAAAIbmlzdHAyNTYAAABBBMssizGPd0WQKMV6xKUloaJ1wM3wEiYcDrqCdZRG1ZZXIg1+XzCUcwMJVnqOEQRkb5oin/esYEp60kg0m1EFRd8= root@ubuntu-xenial
ssh-ed25519 AAAAC3NzaC1lZDI1NTE5AAAAIDW4WTOhk3+bBiLEILh1qcM2/YE07I7WjXZnrWqJkiBF root@ubuntu-xenial
ssh-rsa AAAAB3NzaC1yc2EAAAADAQABAAABAQDAFHY3VhhVSs9j1R3NEs4T3zc6Mhu23WA60fazEZt0HUMT2D1bf+sgJyVAG5eyBJDgPo8MqABFR9Klf5lrvs69Ws43GrQ/KLbgUW22anmcTegO03jex9SSHYYKI1qsWRqLqMH9fHree/xkZMrjCWtMhji+dUkrb0h1NbhEFcoNO9d6vYrPIFw21rkTbF7IoKPXXPvuw+2AaDdiruug+aIFAbIARS3/E/8j9VkcdBVKDgiewhXekWxkm76bwG/BEhdXasKNyxhwsBLNL2CW+jI2JukErha4NyuisUFV4ScvZJeVFJQche9YfvsMZsN/BOJf5cJOx88eeQRMqCKq2Kqv root@ubuntu-xenial
-----END SSH HOST KEY KEYS-----
[   32.975224] cloud-init[1628]: Cloud-init v. 19.2-36-g059d049c-0ubuntu2~16.04.1 running 'modules:final' at Fri, 24 Jan 2020 07:35:27 +0000. Up 32.66 seconds.
[   32.976358] cloud-init[1628]: ci-info: no authorized ssh keys fingerprints found for user ubuntu.
[   32.977323] cloud-init[1628]: Cloud-init v. 19.2-36-g059d049c-0ubuntu2~16.04.1 finished at Fri, 24 Jan 2020 07:35:28 +0000. Datasource DataSourceNoCloud [seed=/dev/sdb][dsmode=net].  Up 32.93 seconds
